<?xml version="1.0" encoding="UTF-8"?>
<robot generator="Robot 4.1.2 (Python 3.10.0 on win32)" generated="20211130 16:50:13.789" rpa="false" schemaversion="2">
<suite id="s1" name="Test" source="C:\Users\raigneau\Documents\TestCapteurPression\test.robot">
<test id="s1-t1" name="Test_Version">
<kw name="Get Version" library="test_device.MaClasseTest">
<var>${result}</var>
<msg timestamp="20211130 16:50:13.902" level="INFO">${result} = 2.1.4</msg>
<status status="PASS" starttime="20211130 16:50:13.893" endtime="20211130 16:50:13.902"/>
</kw>
<kw name="Should Be Equal" library="BuiltIn">
<arg>${result}</arg>
<arg>2.1.4</arg>
<doc>Fails if the given objects are unequal.</doc>
<status status="PASS" starttime="20211130 16:50:13.903" endtime="20211130 16:50:13.903"/>
</kw>
<doc>Test Unitaire de la version du capteur</doc>
<tag>test_version_logicielle</tag>
<status status="PASS" starttime="20211130 16:50:13.892" endtime="20211130 16:50:13.903"/>
</test>
<test id="s1-t2" name="Test_Calibre_Initial">
<kw name="Get Calibre" library="test_device.MaClasseTest">
<var>${result}</var>
<msg timestamp="20211130 16:50:13.909" level="INFO">${result} = 0</msg>
<status status="PASS" starttime="20211130 16:50:13.904" endtime="20211130 16:50:13.909"/>
</kw>
<kw name="Should Be Equal" library="BuiltIn">
<arg>${result}</arg>
<arg>${0}</arg>
<doc>Fails if the given objects are unequal.</doc>
<status status="PASS" starttime="20211130 16:50:13.909" endtime="20211130 16:50:13.909"/>
</kw>
<doc>Test Unitaire du calibre initial</doc>
<tag>test_init_calibre</tag>
<status status="PASS" starttime="20211130 16:50:13.904" endtime="20211130 16:50:13.910"/>
</test>
<test id="s1-t3" name="Test_Calibre_OutOfRange">
<kw name="Set Calibre" library="test_device.MaClasseTest">
<var>${result}</var>
<arg>${-1}</arg>
<msg timestamp="20211130 16:50:13.922" level="INFO">${result} = NOK</msg>
<status status="PASS" starttime="20211130 16:50:13.917" endtime="20211130 16:50:13.922"/>
</kw>
<kw name="Should Be Equal" library="BuiltIn">
<arg>${result}</arg>
<arg>NOK</arg>
<doc>Fails if the given objects are unequal.</doc>
<status status="PASS" starttime="20211130 16:50:13.922" endtime="20211130 16:50:13.923"/>
</kw>
<kw name="Set Calibre" library="test_device.MaClasseTest">
<var>${result}</var>
<arg>${21}</arg>
<msg timestamp="20211130 16:50:13.928" level="INFO">${result} = NOK</msg>
<status status="PASS" starttime="20211130 16:50:13.923" endtime="20211130 16:50:13.928"/>
</kw>
<kw name="Should Be Equal" library="BuiltIn">
<arg>${result}</arg>
<arg>NOK</arg>
<doc>Fails if the given objects are unequal.</doc>
<status status="PASS" starttime="20211130 16:50:13.928" endtime="20211130 16:50:13.928"/>
</kw>
<kw name="Get Calibre" library="test_device.MaClasseTest">
<var>${result}</var>
<msg timestamp="20211130 16:50:13.932" level="INFO">${result} = 0</msg>
<status status="PASS" starttime="20211130 16:50:13.929" endtime="20211130 16:50:13.932"/>
</kw>
<kw name="Should Be Equal" library="BuiltIn">
<arg>${result}</arg>
<arg>${0}</arg>
<doc>Fails if the given objects are unequal.</doc>
<status status="PASS" starttime="20211130 16:50:13.933" endtime="20211130 16:50:13.934"/>
</kw>
<doc>Test Unitaire de la non prise en compte d'un mauvais calibre</doc>
<tag>test_OOF_calibre</tag>
<status status="PASS" starttime="20211130 16:50:13.916" endtime="20211130 16:50:13.935"/>
</test>
<test id="s1-t4" name="Test_des_Calibres">
<for flavor="IN RANGE">
<var>${element}</var>
<value>21</value>
<iter>
<var name="${element}">0</var>
<kw name="Set Calibre" library="test_device.MaClasseTest">
<var>${result}</var>
<arg>${element}</arg>
<msg timestamp="20211130 16:50:13.942" level="INFO">${result} = OK</msg>
<status status="PASS" starttime="20211130 16:50:13.937" endtime="20211130 16:50:13.942"/>
</kw>
<kw name="Should Be Equal" library="BuiltIn">
<arg>${result}</arg>
<arg>OK</arg>
<doc>Fails if the given objects are unequal.</doc>
<status status="PASS" starttime="20211130 16:50:13.942" endtime="20211130 16:50:13.942"/>
</kw>
<kw name="Get Calibre" library="test_device.MaClasseTest">
<var>${result}</var>
<msg timestamp="20211130 16:50:13.946" level="INFO">${result} = 0</msg>
<status status="PASS" starttime="20211130 16:50:13.942" endtime="20211130 16:50:13.946"/>
</kw>
<kw name="Should Be Equal" library="BuiltIn">
<arg>${result}</arg>
<arg>${element}</arg>
<doc>Fails if the given objects are unequal.</doc>
<status status="PASS" starttime="20211130 16:50:13.946" endtime="20211130 16:50:13.946"/>
</kw>
<status status="PASS" starttime="20211130 16:50:13.937" endtime="20211130 16:50:13.946"/>
</iter>
<iter>
<var name="${element}">1</var>
<kw name="Set Calibre" library="test_device.MaClasseTest">
<var>${result}</var>
<arg>${element}</arg>
<msg timestamp="20211130 16:50:13.952" level="INFO">${result} = OK</msg>
<status status="PASS" starttime="20211130 16:50:13.947" endtime="20211130 16:50:13.952"/>
</kw>
<kw name="Should Be Equal" library="BuiltIn">
<arg>${result}</arg>
<arg>OK</arg>
<doc>Fails if the given objects are unequal.</doc>
<status status="PASS" starttime="20211130 16:50:13.953" endtime="20211130 16:50:13.953"/>
</kw>
<kw name="Get Calibre" library="test_device.MaClasseTest">
<var>${result}</var>
<msg timestamp="20211130 16:50:13.957" level="INFO">${result} = 1</msg>
<status status="PASS" starttime="20211130 16:50:13.953" endtime="20211130 16:50:13.958"/>
</kw>
<kw name="Should Be Equal" library="BuiltIn">
<arg>${result}</arg>
<arg>${element}</arg>
<doc>Fails if the given objects are unequal.</doc>
<status status="PASS" starttime="20211130 16:50:13.958" endtime="20211130 16:50:13.958"/>
</kw>
<status status="PASS" starttime="20211130 16:50:13.947" endtime="20211130 16:50:13.958"/>
</iter>
<iter>
<var name="${element}">2</var>
<kw name="Set Calibre" library="test_device.MaClasseTest">
<var>${result}</var>
<arg>${element}</arg>
<msg timestamp="20211130 16:50:13.962" level="INFO">${result} = OK</msg>
<status status="PASS" starttime="20211130 16:50:13.958" endtime="20211130 16:50:13.962"/>
</kw>
<kw name="Should Be Equal" library="BuiltIn">
<arg>${result}</arg>
<arg>OK</arg>
<doc>Fails if the given objects are unequal.</doc>
<status status="PASS" starttime="20211130 16:50:13.963" endtime="20211130 16:50:13.963"/>
</kw>
<kw name="Get Calibre" library="test_device.MaClasseTest">
<var>${result}</var>
<msg timestamp="20211130 16:50:13.967" level="INFO">${result} = 2</msg>
<status status="PASS" starttime="20211130 16:50:13.963" endtime="20211130 16:50:13.967"/>
</kw>
<kw name="Should Be Equal" library="BuiltIn">
<arg>${result}</arg>
<arg>${element}</arg>
<doc>Fails if the given objects are unequal.</doc>
<status status="PASS" starttime="20211130 16:50:13.967" endtime="20211130 16:50:13.968"/>
</kw>
<status status="PASS" starttime="20211130 16:50:13.958" endtime="20211130 16:50:13.968"/>
</iter>
<iter>
<var name="${element}">3</var>
<kw name="Set Calibre" library="test_device.MaClasseTest">
<var>${result}</var>
<arg>${element}</arg>
<msg timestamp="20211130 16:50:13.973" level="INFO">${result} = OK</msg>
<status status="PASS" starttime="20211130 16:50:13.968" endtime="20211130 16:50:13.973"/>
</kw>
<kw name="Should Be Equal" library="BuiltIn">
<arg>${result}</arg>
<arg>OK</arg>
<doc>Fails if the given objects are unequal.</doc>
<status status="PASS" starttime="20211130 16:50:13.973" endtime="20211130 16:50:13.974"/>
</kw>
<kw name="Get Calibre" library="test_device.MaClasseTest">
<var>${result}</var>
<msg timestamp="20211130 16:50:13.978" level="INFO">${result} = 3</msg>
<status status="PASS" starttime="20211130 16:50:13.974" endtime="20211130 16:50:13.978"/>
</kw>
<kw name="Should Be Equal" library="BuiltIn">
<arg>${result}</arg>
<arg>${element}</arg>
<doc>Fails if the given objects are unequal.</doc>
<status status="PASS" starttime="20211130 16:50:13.978" endtime="20211130 16:50:13.978"/>
</kw>
<status status="PASS" starttime="20211130 16:50:13.968" endtime="20211130 16:50:13.978"/>
</iter>
<iter>
<var name="${element}">4</var>
<kw name="Set Calibre" library="test_device.MaClasseTest">
<var>${result}</var>
<arg>${element}</arg>
<msg timestamp="20211130 16:50:13.982" level="INFO">${result} = OK</msg>
<status status="PASS" starttime="20211130 16:50:13.978" endtime="20211130 16:50:13.982"/>
</kw>
<kw name="Should Be Equal" library="BuiltIn">
<arg>${result}</arg>
<arg>OK</arg>
<doc>Fails if the given objects are unequal.</doc>
<status status="PASS" starttime="20211130 16:50:13.982" endtime="20211130 16:50:13.983"/>
</kw>
<kw name="Get Calibre" library="test_device.MaClasseTest">
<var>${result}</var>
<msg timestamp="20211130 16:50:13.989" level="INFO">${result} = 4</msg>
<status status="PASS" starttime="20211130 16:50:13.983" endtime="20211130 16:50:13.989"/>
</kw>
<kw name="Should Be Equal" library="BuiltIn">
<arg>${result}</arg>
<arg>${element}</arg>
<doc>Fails if the given objects are unequal.</doc>
<status status="PASS" starttime="20211130 16:50:13.989" endtime="20211130 16:50:13.990"/>
</kw>
<status status="PASS" starttime="20211130 16:50:13.978" endtime="20211130 16:50:13.990"/>
</iter>
<iter>
<var name="${element}">5</var>
<kw name="Set Calibre" library="test_device.MaClasseTest">
<var>${result}</var>
<arg>${element}</arg>
<msg timestamp="20211130 16:50:13.994" level="INFO">${result} = OK</msg>
<status status="PASS" starttime="20211130 16:50:13.990" endtime="20211130 16:50:13.994"/>
</kw>
<kw name="Should Be Equal" library="BuiltIn">
<arg>${result}</arg>
<arg>OK</arg>
<doc>Fails if the given objects are unequal.</doc>
<status status="PASS" starttime="20211130 16:50:13.995" endtime="20211130 16:50:13.995"/>
</kw>
<kw name="Get Calibre" library="test_device.MaClasseTest">
<var>${result}</var>
<msg timestamp="20211130 16:50:13.999" level="INFO">${result} = 5</msg>
<status status="PASS" starttime="20211130 16:50:13.995" endtime="20211130 16:50:14.000"/>
</kw>
<kw name="Should Be Equal" library="BuiltIn">
<arg>${result}</arg>
<arg>${element}</arg>
<doc>Fails if the given objects are unequal.</doc>
<status status="PASS" starttime="20211130 16:50:14.000" endtime="20211130 16:50:14.000"/>
</kw>
<status status="PASS" starttime="20211130 16:50:13.990" endtime="20211130 16:50:14.000"/>
</iter>
<iter>
<var name="${element}">6</var>
<kw name="Set Calibre" library="test_device.MaClasseTest">
<var>${result}</var>
<arg>${element}</arg>
<msg timestamp="20211130 16:50:14.006" level="INFO">${result} = OK</msg>
<status status="PASS" starttime="20211130 16:50:14.000" endtime="20211130 16:50:14.006"/>
</kw>
<kw name="Should Be Equal" library="BuiltIn">
<arg>${result}</arg>
<arg>OK</arg>
<doc>Fails if the given objects are unequal.</doc>
<status status="PASS" starttime="20211130 16:50:14.006" endtime="20211130 16:50:14.006"/>
</kw>
<kw name="Get Calibre" library="test_device.MaClasseTest">
<var>${result}</var>
<msg timestamp="20211130 16:50:14.010" level="INFO">${result} = 6</msg>
<status status="PASS" starttime="20211130 16:50:14.006" endtime="20211130 16:50:14.010"/>
</kw>
<kw name="Should Be Equal" library="BuiltIn">
<arg>${result}</arg>
<arg>${element}</arg>
<doc>Fails if the given objects are unequal.</doc>
<status status="PASS" starttime="20211130 16:50:14.011" endtime="20211130 16:50:14.011"/>
</kw>
<status status="PASS" starttime="20211130 16:50:14.000" endtime="20211130 16:50:14.011"/>
</iter>
<iter>
<var name="${element}">7</var>
<kw name="Set Calibre" library="test_device.MaClasseTest">
<var>${result}</var>
<arg>${element}</arg>
<msg timestamp="20211130 16:50:14.015" level="INFO">${result} = OK</msg>
<status status="PASS" starttime="20211130 16:50:14.011" endtime="20211130 16:50:14.015"/>
</kw>
<kw name="Should Be Equal" library="BuiltIn">
<arg>${result}</arg>
<arg>OK</arg>
<doc>Fails if the given objects are unequal.</doc>
<status status="PASS" starttime="20211130 16:50:14.016" endtime="20211130 16:50:14.016"/>
</kw>
<kw name="Get Calibre" library="test_device.MaClasseTest">
<var>${result}</var>
<msg timestamp="20211130 16:50:14.023" level="INFO">${result} = 7</msg>
<status status="PASS" starttime="20211130 16:50:14.016" endtime="20211130 16:50:14.023"/>
</kw>
<kw name="Should Be Equal" library="BuiltIn">
<arg>${result}</arg>
<arg>${element}</arg>
<doc>Fails if the given objects are unequal.</doc>
<status status="PASS" starttime="20211130 16:50:14.023" endtime="20211130 16:50:14.024"/>
</kw>
<status status="PASS" starttime="20211130 16:50:14.011" endtime="20211130 16:50:14.024"/>
</iter>
<iter>
<var name="${element}">8</var>
<kw name="Set Calibre" library="test_device.MaClasseTest">
<var>${result}</var>
<arg>${element}</arg>
<msg timestamp="20211130 16:50:14.028" level="INFO">${result} = OK</msg>
<status status="PASS" starttime="20211130 16:50:14.024" endtime="20211130 16:50:14.029"/>
</kw>
<kw name="Should Be Equal" library="BuiltIn">
<arg>${result}</arg>
<arg>OK</arg>
<doc>Fails if the given objects are unequal.</doc>
<status status="PASS" starttime="20211130 16:50:14.029" endtime="20211130 16:50:14.029"/>
</kw>
<kw name="Get Calibre" library="test_device.MaClasseTest">
<var>${result}</var>
<msg timestamp="20211130 16:50:14.034" level="INFO">${result} = 8</msg>
<status status="PASS" starttime="20211130 16:50:14.029" endtime="20211130 16:50:14.034"/>
</kw>
<kw name="Should Be Equal" library="BuiltIn">
<arg>${result}</arg>
<arg>${element}</arg>
<doc>Fails if the given objects are unequal.</doc>
<status status="PASS" starttime="20211130 16:50:14.034" endtime="20211130 16:50:14.036"/>
</kw>
<status status="PASS" starttime="20211130 16:50:14.024" endtime="20211130 16:50:14.036"/>
</iter>
<iter>
<var name="${element}">9</var>
<kw name="Set Calibre" library="test_device.MaClasseTest">
<var>${result}</var>
<arg>${element}</arg>
<msg timestamp="20211130 16:50:14.042" level="INFO">${result} = OK</msg>
<status status="PASS" starttime="20211130 16:50:14.036" endtime="20211130 16:50:14.042"/>
</kw>
<kw name="Should Be Equal" library="BuiltIn">
<arg>${result}</arg>
<arg>OK</arg>
<doc>Fails if the given objects are unequal.</doc>
<status status="PASS" starttime="20211130 16:50:14.042" endtime="20211130 16:50:14.042"/>
</kw>
<kw name="Get Calibre" library="test_device.MaClasseTest">
<var>${result}</var>
<msg timestamp="20211130 16:50:14.047" level="INFO">${result} = 9</msg>
<status status="PASS" starttime="20211130 16:50:14.042" endtime="20211130 16:50:14.047"/>
</kw>
<kw name="Should Be Equal" library="BuiltIn">
<arg>${result}</arg>
<arg>${element}</arg>
<doc>Fails if the given objects are unequal.</doc>
<status status="PASS" starttime="20211130 16:50:14.047" endtime="20211130 16:50:14.047"/>
</kw>
<status status="PASS" starttime="20211130 16:50:14.036" endtime="20211130 16:50:14.047"/>
</iter>
<iter>
<var name="${element}">10</var>
<kw name="Set Calibre" library="test_device.MaClasseTest">
<var>${result}</var>
<arg>${element}</arg>
<msg timestamp="20211130 16:50:14.053" level="INFO">${result} = OK</msg>
<status status="PASS" starttime="20211130 16:50:14.047" endtime="20211130 16:50:14.053"/>
</kw>
<kw name="Should Be Equal" library="BuiltIn">
<arg>${result}</arg>
<arg>OK</arg>
<doc>Fails if the given objects are unequal.</doc>
<status status="PASS" starttime="20211130 16:50:14.053" endtime="20211130 16:50:14.054"/>
</kw>
<kw name="Get Calibre" library="test_device.MaClasseTest">
<var>${result}</var>
<msg timestamp="20211130 16:50:14.059" level="INFO">${result} = 10</msg>
<status status="PASS" starttime="20211130 16:50:14.054" endtime="20211130 16:50:14.059"/>
</kw>
<kw name="Should Be Equal" library="BuiltIn">
<arg>${result}</arg>
<arg>${element}</arg>
<doc>Fails if the given objects are unequal.</doc>
<status status="PASS" starttime="20211130 16:50:14.059" endtime="20211130 16:50:14.059"/>
</kw>
<status status="PASS" starttime="20211130 16:50:14.047" endtime="20211130 16:50:14.059"/>
</iter>
<iter>
<var name="${element}">11</var>
<kw name="Set Calibre" library="test_device.MaClasseTest">
<var>${result}</var>
<arg>${element}</arg>
<msg timestamp="20211130 16:50:14.064" level="INFO">${result} = OK</msg>
<status status="PASS" starttime="20211130 16:50:14.059" endtime="20211130 16:50:14.065"/>
</kw>
<kw name="Should Be Equal" library="BuiltIn">
<arg>${result}</arg>
<arg>OK</arg>
<doc>Fails if the given objects are unequal.</doc>
<status status="PASS" starttime="20211130 16:50:14.065" endtime="20211130 16:50:14.065"/>
</kw>
<kw name="Get Calibre" library="test_device.MaClasseTest">
<var>${result}</var>
<msg timestamp="20211130 16:50:14.071" level="INFO">${result} = 11</msg>
<status status="PASS" starttime="20211130 16:50:14.065" endtime="20211130 16:50:14.071"/>
</kw>
<kw name="Should Be Equal" library="BuiltIn">
<arg>${result}</arg>
<arg>${element}</arg>
<doc>Fails if the given objects are unequal.</doc>
<status status="PASS" starttime="20211130 16:50:14.071" endtime="20211130 16:50:14.071"/>
</kw>
<status status="PASS" starttime="20211130 16:50:14.059" endtime="20211130 16:50:14.071"/>
</iter>
<iter>
<var name="${element}">12</var>
<kw name="Set Calibre" library="test_device.MaClasseTest">
<var>${result}</var>
<arg>${element}</arg>
<msg timestamp="20211130 16:50:14.076" level="INFO">${result} = OK</msg>
<status status="PASS" starttime="20211130 16:50:14.071" endtime="20211130 16:50:14.076"/>
</kw>
<kw name="Should Be Equal" library="BuiltIn">
<arg>${result}</arg>
<arg>OK</arg>
<doc>Fails if the given objects are unequal.</doc>
<status status="PASS" starttime="20211130 16:50:14.076" endtime="20211130 16:50:14.076"/>
</kw>
<kw name="Get Calibre" library="test_device.MaClasseTest">
<var>${result}</var>
<msg timestamp="20211130 16:50:14.081" level="INFO">${result} = 12</msg>
<status status="PASS" starttime="20211130 16:50:14.076" endtime="20211130 16:50:14.081"/>
</kw>
<kw name="Should Be Equal" library="BuiltIn">
<arg>${result}</arg>
<arg>${element}</arg>
<doc>Fails if the given objects are unequal.</doc>
<status status="PASS" starttime="20211130 16:50:14.081" endtime="20211130 16:50:14.082"/>
</kw>
<status status="PASS" starttime="20211130 16:50:14.071" endtime="20211130 16:50:14.082"/>
</iter>
<iter>
<var name="${element}">13</var>
<kw name="Set Calibre" library="test_device.MaClasseTest">
<var>${result}</var>
<arg>${element}</arg>
<msg timestamp="20211130 16:50:14.088" level="INFO">${result} = OK</msg>
<status status="PASS" starttime="20211130 16:50:14.082" endtime="20211130 16:50:14.088"/>
</kw>
<kw name="Should Be Equal" library="BuiltIn">
<arg>${result}</arg>
<arg>OK</arg>
<doc>Fails if the given objects are unequal.</doc>
<status status="PASS" starttime="20211130 16:50:14.088" endtime="20211130 16:50:14.088"/>
</kw>
<kw name="Get Calibre" library="test_device.MaClasseTest">
<var>${result}</var>
<msg timestamp="20211130 16:50:14.093" level="INFO">${result} = 13</msg>
<status status="PASS" starttime="20211130 16:50:14.088" endtime="20211130 16:50:14.093"/>
</kw>
<kw name="Should Be Equal" library="BuiltIn">
<arg>${result}</arg>
<arg>${element}</arg>
<doc>Fails if the given objects are unequal.</doc>
<status status="PASS" starttime="20211130 16:50:14.093" endtime="20211130 16:50:14.094"/>
</kw>
<status status="PASS" starttime="20211130 16:50:14.082" endtime="20211130 16:50:14.094"/>
</iter>
<iter>
<var name="${element}">14</var>
<kw name="Set Calibre" library="test_device.MaClasseTest">
<var>${result}</var>
<arg>${element}</arg>
<msg timestamp="20211130 16:50:14.100" level="INFO">${result} = OK</msg>
<status status="PASS" starttime="20211130 16:50:14.094" endtime="20211130 16:50:14.100"/>
</kw>
<kw name="Should Be Equal" library="BuiltIn">
<arg>${result}</arg>
<arg>OK</arg>
<doc>Fails if the given objects are unequal.</doc>
<status status="PASS" starttime="20211130 16:50:14.100" endtime="20211130 16:50:14.100"/>
</kw>
<kw name="Get Calibre" library="test_device.MaClasseTest">
<var>${result}</var>
<msg timestamp="20211130 16:50:14.107" level="INFO">${result} = 14</msg>
<status status="PASS" starttime="20211130 16:50:14.100" endtime="20211130 16:50:14.107"/>
</kw>
<kw name="Should Be Equal" library="BuiltIn">
<arg>${result}</arg>
<arg>${element}</arg>
<doc>Fails if the given objects are unequal.</doc>
<status status="PASS" starttime="20211130 16:50:14.107" endtime="20211130 16:50:14.107"/>
</kw>
<status status="PASS" starttime="20211130 16:50:14.094" endtime="20211130 16:50:14.107"/>
</iter>
<iter>
<var name="${element}">15</var>
<kw name="Set Calibre" library="test_device.MaClasseTest">
<var>${result}</var>
<arg>${element}</arg>
<msg timestamp="20211130 16:50:14.112" level="INFO">${result} = OK</msg>
<status status="PASS" starttime="20211130 16:50:14.107" endtime="20211130 16:50:14.112"/>
</kw>
<kw name="Should Be Equal" library="BuiltIn">
<arg>${result}</arg>
<arg>OK</arg>
<doc>Fails if the given objects are unequal.</doc>
<status status="PASS" starttime="20211130 16:50:14.112" endtime="20211130 16:50:14.112"/>
</kw>
<kw name="Get Calibre" library="test_device.MaClasseTest">
<var>${result}</var>
<msg timestamp="20211130 16:50:14.117" level="INFO">${result} = 15</msg>
<status status="PASS" starttime="20211130 16:50:14.112" endtime="20211130 16:50:14.117"/>
</kw>
<kw name="Should Be Equal" library="BuiltIn">
<arg>${result}</arg>
<arg>${element}</arg>
<doc>Fails if the given objects are unequal.</doc>
<status status="PASS" starttime="20211130 16:50:14.117" endtime="20211130 16:50:14.117"/>
</kw>
<status status="PASS" starttime="20211130 16:50:14.107" endtime="20211130 16:50:14.117"/>
</iter>
<iter>
<var name="${element}">16</var>
<kw name="Set Calibre" library="test_device.MaClasseTest">
<var>${result}</var>
<arg>${element}</arg>
<msg timestamp="20211130 16:50:14.124" level="INFO">${result} = OK</msg>
<status status="PASS" starttime="20211130 16:50:14.118" endtime="20211130 16:50:14.124"/>
</kw>
<kw name="Should Be Equal" library="BuiltIn">
<arg>${result}</arg>
<arg>OK</arg>
<doc>Fails if the given objects are unequal.</doc>
<status status="PASS" starttime="20211130 16:50:14.124" endtime="20211130 16:50:14.124"/>
</kw>
<kw name="Get Calibre" library="test_device.MaClasseTest">
<var>${result}</var>
<msg timestamp="20211130 16:50:14.129" level="INFO">${result} = 16</msg>
<status status="PASS" starttime="20211130 16:50:14.124" endtime="20211130 16:50:14.129"/>
</kw>
<kw name="Should Be Equal" library="BuiltIn">
<arg>${result}</arg>
<arg>${element}</arg>
<doc>Fails if the given objects are unequal.</doc>
<status status="PASS" starttime="20211130 16:50:14.129" endtime="20211130 16:50:14.129"/>
</kw>
<status status="PASS" starttime="20211130 16:50:14.118" endtime="20211130 16:50:14.129"/>
</iter>
<iter>
<var name="${element}">17</var>
<kw name="Set Calibre" library="test_device.MaClasseTest">
<var>${result}</var>
<arg>${element}</arg>
<msg timestamp="20211130 16:50:14.134" level="INFO">${result} = OK</msg>
<status status="PASS" starttime="20211130 16:50:14.129" endtime="20211130 16:50:14.134"/>
</kw>
<kw name="Should Be Equal" library="BuiltIn">
<arg>${result}</arg>
<arg>OK</arg>
<doc>Fails if the given objects are unequal.</doc>
<status status="PASS" starttime="20211130 16:50:14.135" endtime="20211130 16:50:14.135"/>
</kw>
<kw name="Get Calibre" library="test_device.MaClasseTest">
<var>${result}</var>
<msg timestamp="20211130 16:50:14.141" level="INFO">${result} = 17</msg>
<status status="PASS" starttime="20211130 16:50:14.136" endtime="20211130 16:50:14.141"/>
</kw>
<kw name="Should Be Equal" library="BuiltIn">
<arg>${result}</arg>
<arg>${element}</arg>
<doc>Fails if the given objects are unequal.</doc>
<status status="PASS" starttime="20211130 16:50:14.141" endtime="20211130 16:50:14.142"/>
</kw>
<status status="PASS" starttime="20211130 16:50:14.129" endtime="20211130 16:50:14.142"/>
</iter>
<iter>
<var name="${element}">18</var>
<kw name="Set Calibre" library="test_device.MaClasseTest">
<var>${result}</var>
<arg>${element}</arg>
<msg timestamp="20211130 16:50:14.147" level="INFO">${result} = OK</msg>
<status status="PASS" starttime="20211130 16:50:14.142" endtime="20211130 16:50:14.147"/>
</kw>
<kw name="Should Be Equal" library="BuiltIn">
<arg>${result}</arg>
<arg>OK</arg>
<doc>Fails if the given objects are unequal.</doc>
<status status="PASS" starttime="20211130 16:50:14.147" endtime="20211130 16:50:14.147"/>
</kw>
<kw name="Get Calibre" library="test_device.MaClasseTest">
<var>${result}</var>
<msg timestamp="20211130 16:50:14.152" level="INFO">${result} = 18</msg>
<status status="PASS" starttime="20211130 16:50:14.147" endtime="20211130 16:50:14.152"/>
</kw>
<kw name="Should Be Equal" library="BuiltIn">
<arg>${result}</arg>
<arg>${element}</arg>
<doc>Fails if the given objects are unequal.</doc>
<status status="PASS" starttime="20211130 16:50:14.152" endtime="20211130 16:50:14.153"/>
</kw>
<status status="PASS" starttime="20211130 16:50:14.142" endtime="20211130 16:50:14.153"/>
</iter>
<iter>
<var name="${element}">19</var>
<kw name="Set Calibre" library="test_device.MaClasseTest">
<var>${result}</var>
<arg>${element}</arg>
<msg timestamp="20211130 16:50:14.159" level="INFO">${result} = OK</msg>
<status status="PASS" starttime="20211130 16:50:14.153" endtime="20211130 16:50:14.159"/>
</kw>
<kw name="Should Be Equal" library="BuiltIn">
<arg>${result}</arg>
<arg>OK</arg>
<doc>Fails if the given objects are unequal.</doc>
<status status="PASS" starttime="20211130 16:50:14.159" endtime="20211130 16:50:14.159"/>
</kw>
<kw name="Get Calibre" library="test_device.MaClasseTest">
<var>${result}</var>
<msg timestamp="20211130 16:50:14.164" level="INFO">${result} = 19</msg>
<status status="PASS" starttime="20211130 16:50:14.159" endtime="20211130 16:50:14.164"/>
</kw>
<kw name="Should Be Equal" library="BuiltIn">
<arg>${result}</arg>
<arg>${element}</arg>
<doc>Fails if the given objects are unequal.</doc>
<status status="PASS" starttime="20211130 16:50:14.164" endtime="20211130 16:50:14.164"/>
</kw>
<status status="PASS" starttime="20211130 16:50:14.153" endtime="20211130 16:50:14.164"/>
</iter>
<iter>
<var name="${element}">20</var>
<kw name="Set Calibre" library="test_device.MaClasseTest">
<var>${result}</var>
<arg>${element}</arg>
<msg timestamp="20211130 16:50:14.170" level="INFO">${result} = OK</msg>
<status status="PASS" starttime="20211130 16:50:14.165" endtime="20211130 16:50:14.170"/>
</kw>
<kw name="Should Be Equal" library="BuiltIn">
<arg>${result}</arg>
<arg>OK</arg>
<doc>Fails if the given objects are unequal.</doc>
<status status="PASS" starttime="20211130 16:50:14.170" endtime="20211130 16:50:14.171"/>
</kw>
<kw name="Get Calibre" library="test_device.MaClasseTest">
<var>${result}</var>
<msg timestamp="20211130 16:50:14.177" level="INFO">${result} = 20</msg>
<status status="PASS" starttime="20211130 16:50:14.171" endtime="20211130 16:50:14.177"/>
</kw>
<kw name="Should Be Equal" library="BuiltIn">
<arg>${result}</arg>
<arg>${element}</arg>
<doc>Fails if the given objects are unequal.</doc>
<status status="PASS" starttime="20211130 16:50:14.177" endtime="20211130 16:50:14.177"/>
</kw>
<status status="PASS" starttime="20211130 16:50:14.164" endtime="20211130 16:50:14.177"/>
</iter>
<status status="PASS" starttime="20211130 16:50:13.937" endtime="20211130 16:50:14.177"/>
</for>
<kw name="Set Calibre" library="test_device.MaClasseTest">
<arg>${0}</arg>
<status status="PASS" starttime="20211130 16:50:14.177" endtime="20211130 16:50:14.182"/>
</kw>
<doc>Test Unitaire du Reglage de tout les calibres</doc>
<tag>test_calibres</tag>
<status status="PASS" starttime="20211130 16:50:13.936" endtime="20211130 16:50:14.183"/>
</test>
<test id="s1-t5" name="Test_Mesure_Pression">
<kw name="Senario Mesure Pression" library="test_device.MaClasseTest">
<var>${result}</var>
<arg>${PressionTest}</arg>
<msg timestamp="20211130 16:50:16.210" level="INFO">${result} = 53.401708032572365</msg>
<status status="PASS" starttime="20211130 16:50:14.186" endtime="20211130 16:50:16.210"/>
</kw>
<kw name="Log" library="BuiltIn">
<arg>${PressionTest} -1 &lt;= ${result} &lt;= ${PressionTest} +1</arg>
<doc>Logs the given message with the given level.</doc>
<msg timestamp="20211130 16:50:16.211" level="INFO">54.0 -1 &lt;= 53.401708032572365 &lt;= 54.0 +1</msg>
<status status="PASS" starttime="20211130 16:50:16.211" endtime="20211130 16:50:16.211"/>
</kw>
<kw name="Should Be True" library="BuiltIn">
<arg>${PressionTest} -1 &lt;= ${result} &lt;= ${PressionTest} +1</arg>
<doc>Fails if the given condition is not true.</doc>
<status status="PASS" starttime="20211130 16:50:16.212" endtime="20211130 16:50:16.212"/>
</kw>
<doc>Test Unitaire d'une mesure de pression</doc>
<tag>test_mesure</tag>
<status status="PASS" starttime="20211130 16:50:14.184" endtime="20211130 16:50:16.213"/>
</test>
<status status="PASS" starttime="20211130 16:50:13.791" endtime="20211130 16:50:16.214"/>
</suite>
<statistics>
<total>
<stat pass="5" fail="0" skip="0">All Tests</stat>
</total>
<tag>
<stat pass="1" fail="0" skip="0">test_calibres</stat>
<stat pass="1" fail="0" skip="0">test_init_calibre</stat>
<stat pass="1" fail="0" skip="0">test_mesure</stat>
<stat pass="1" fail="0" skip="0">test_OOF_calibre</stat>
<stat pass="1" fail="0" skip="0">test_version_logicielle</stat>
</tag>
<suite>
<stat pass="5" fail="0" skip="0" id="s1" name="Test">Test</stat>
</suite>
</statistics>
<errors>
</errors>
</robot>
